Using pre-set license
Built from '2020.3/staging' branch; Version is '2020.3.25f1 (9b9180224418) revision 10195328'; Using compiler version '192528614'; Build Type 'Release'
OS: 'Windows 10  (10.0.19044) 64bit Professional' Language: 'en' Physical Memory: 12264 MB
BatchMode: 1, IsHumanControllingUs: 0, StartBugReporterOnCrash: 0, Is64bit: 1, IsPro: 0

COMMAND LINE ARGUMENTS:
E:\Unity\2020.3.25f1\Editor\Unity.exe
-adb2
-batchMode
-noUpm
-name
AssetImportWorker0
-projectPath
E:/Unity Projects/Projects/07 Jan 2023
-logFile
Logs/AssetImportWorker0.log
-srvPort
63481
Successfully changed project path to: E:/Unity Projects/Projects/07 Jan 2023
E:/Unity Projects/Projects/07 Jan 2023
Using Asset Import Pipeline V2.
Refreshing native plugins compatible for Editor in 51.29 ms, found 2 plugins.
Preloading 0 native plugins for Editor in 0.00 ms.
Initialize engine version: 2020.3.25f1 (9b9180224418)
[Subsystems] Discovering subsystems at path E:/Unity/2020.3.25f1/Editor/Data/Resources/UnitySubsystems
[Subsystems] Discovering subsystems at path E:/Unity Projects/Projects/07 Jan 2023/Assets
GfxDevice: creating device client; threaded=0
Direct3D:
    Version:  Direct3D 11.0 [level 11.1]
    Renderer: NVIDIA GeForce GT 1030 (ID=0x1d01)
    Vendor:   
    VRAM:     1982 MB
    Driver:   31.0.15.1694
Initialize mono
Mono path[0] = 'E:/Unity/2020.3.25f1/Editor/Data/Managed'
Mono path[1] = 'E:/Unity/2020.3.25f1/Editor/Data/MonoBleedingEdge/lib/mono/unityjit'
Mono config path = 'E:/Unity/2020.3.25f1/Editor/Data/MonoBleedingEdge/etc'
Using monoOptions --debugger-agent=transport=dt_socket,embedding=1,server=y,suspend=n,address=127.0.0.1:56124
Begin MonoManager ReloadAssembly
Registering precompiled unity dll's ...
Register platform support module: E:/Unity/2020.3.25f1/Editor/Data/PlaybackEngines/WindowsStandaloneSupport/UnityEditor.WindowsStandalone.Extensions.dll
Registered in 0.001533 seconds.
Native extension for WindowsStandalone target not found
Refreshing native plugins compatible for Editor in 43.09 ms, found 2 plugins.
Preloading 0 native plugins for Editor in 0.00 ms.
Mono: successfully reloaded assembly
- Completed reload, in  0.794 seconds
Domain Reload Profiling:
	ReloadAssembly (794ms)
		BeginReloadAssembly (74ms)
			ExecutionOrderSort (0ms)
			DisableScriptedObjects (0ms)
			BackupInstance (0ms)
			ReleaseScriptingObjects (0ms)
			CreateAndSetChildDomain (1ms)
		EndReloadAssembly (626ms)
			LoadAssemblies (72ms)
			RebuildTransferFunctionScriptingTraits (0ms)
			SetupTypeCache (213ms)
			ReleaseScriptCaches (0ms)
			RebuildScriptCaches (46ms)
			SetupLoadedEditorAssemblies (220ms)
				LogAssemblyErrors (0ms)
				InitializePlatformSupportModulesInManaged (5ms)
				SetLoadedEditorAssemblies (0ms)
				RefreshPlugins (43ms)
				BeforeProcessingInitializeOnLoad (13ms)
				ProcessInitializeOnLoadAttributes (117ms)
				ProcessInitializeOnLoadMethodAttributes (40ms)
				AfterProcessingInitializeOnLoad (0ms)
				EditorAssembliesLoaded (0ms)
			ExecutionOrderSort2 (0ms)
			AwakeInstancesAfterBackupRestoration (0ms)
Platform modules already initialized, skipping
Registering precompiled user dll's ...
Registered in 0.004180 seconds.
Begin MonoManager ReloadAssembly
Native extension for WindowsStandalone target not found
Refreshing native plugins compatible for Editor in 0.43 ms, found 2 plugins.
Preloading 0 native plugins for Editor in 0.00 ms.
Mono: successfully reloaded assembly
- Completed reload, in  1.368 seconds
Domain Reload Profiling:
	ReloadAssembly (1369ms)
		BeginReloadAssembly (202ms)
			ExecutionOrderSort (0ms)
			DisableScriptedObjects (7ms)
			BackupInstance (0ms)
			ReleaseScriptingObjects (0ms)
			CreateAndSetChildDomain (23ms)
		EndReloadAssembly (1087ms)
			LoadAssemblies (122ms)
			RebuildTransferFunctionScriptingTraits (0ms)
			SetupTypeCache (402ms)
			ReleaseScriptCaches (0ms)
			RebuildScriptCaches (61ms)
			SetupLoadedEditorAssemblies (386ms)
				LogAssemblyErrors (0ms)
				InitializePlatformSupportModulesInManaged (6ms)
				SetLoadedEditorAssemblies (1ms)
				RefreshPlugins (0ms)
				BeforeProcessingInitializeOnLoad (73ms)
				ProcessInitializeOnLoadAttributes (288ms)
				ProcessInitializeOnLoadMethodAttributes (14ms)
				AfterProcessingInitializeOnLoad (3ms)
				EditorAssembliesLoaded (0ms)
			ExecutionOrderSort2 (0ms)
			AwakeInstancesAfterBackupRestoration (9ms)
Platform modules already initialized, skipping
========================================================================
Worker process is ready to serve import requests
Launched and connected shader compiler UnityShaderCompiler.exe after 0.06 seconds
Refreshing native plugins compatible for Editor in 0.40 ms, found 2 plugins.
Preloading 0 native plugins for Editor in 0.00 ms.
Unloading 1540 Unused Serialized files (Serialized files now loaded: 0)
System memory in use before: 70.1 MB.
System memory in use after: 70.2 MB.

Unloading 19 unused Assets to reduce memory usage. Loaded Objects now: 1974.
Total: 3.591600 ms (FindLiveObjects: 0.145300 ms CreateObjectMapping: 0.062900 ms MarkObjects: 3.303200 ms  DeleteObjects: 0.078400 ms)

AssetImportParameters requested are different than current active one (requested -> active):
  custom:framework-win-MediaFoundation: 216162199b28c13a410421893ffa2e32 -> 
  custom:video-decoder-ogg-theora: a1e56fd34408186e4bbccfd4996cb3dc -> 
  custom:container-muxer-webm: aa71ff27fc2769a1b78a27578f13a17b -> 
  custom:container-demuxer-webm: 4f35f7cbe854078d1ac9338744f61a02 -> 
  custom:container-demuxer-ogg: 62fdf1f143b41e24485cea50d1cbac27 -> 
  custom:video-encoder-webm-vp8: eb34c28f22e8b96e1ab97ce403110664 -> 
  custom:video-decoder-webm-vp8: 9c59270c3fd7afecdb556c50c9e8de78 -> 
  custom:audio-decoder-ogg-vorbis: bf7c407c2cedff20999df2af8eb42d56 -> 
  custom:audio-encoder-webm-vorbis: bf7c407c2cedff20999df2af8eb42d56 -> 
========================================================================
Received Import Request.
  path: Assets/BayatGames/Free Platform Game Assets/GUI ( Update 1.7 )/ai/Level Select Sample.ai
  artifactKey: Guid(2959953bb883a0541981f044a071da32) Importer(815301076,1909f56bfc062723c751e8b465ee728b)
Start importing Assets/BayatGames/Free Platform Game Assets/GUI ( Update 1.7 )/ai/Level Select Sample.ai using Guid(2959953bb883a0541981f044a071da32) Importer(815301076,1909f56bfc062723c751e8b465ee728b)  -> (artifact id: '7f19a755e7ab5c57dfe7e8ec532faf10') in 0.060767 seconds 
  Import took 0.064217 seconds .

========================================================================
Received Import Request.
  Time since last request: 0.026047 seconds.
  path: Assets/Animation/diamond.anim
  artifactKey: Guid(5bf24acd71aca8242a9f80a248308d2d) Importer(815301076,1909f56bfc062723c751e8b465ee728b)
Start importing Assets/Animation/diamond.anim using Guid(5bf24acd71aca8242a9f80a248308d2d) Importer(815301076,1909f56bfc062723c751e8b465ee728b)  -> (artifact id: 'a4db5101246c9711267504057782afd5') in 0.012074 seconds 
  Import took 0.015093 seconds .

========================================================================
Received Import Request.
  Time since last request: 0.276838 seconds.
  path: Assets/BayatGames/Free Platform Game Assets/GUI ( Update 1.7 )/eps/Empty Buttons.eps
  artifactKey: Guid(ea55d3e41a14d244e82dc6daef0ce25d) Importer(815301076,1909f56bfc062723c751e8b465ee728b)
Start importing Assets/BayatGames/Free Platform Game Assets/GUI ( Update 1.7 )/eps/Empty Buttons.eps using Guid(ea55d3e41a14d244e82dc6daef0ce25d) Importer(815301076,1909f56bfc062723c751e8b465ee728b)  -> (artifact id: '3b6db48420500e43fa208c0ac8a93312') in 0.018402 seconds 
  Import took 0.023770 seconds .

========================================================================
Received Import Request.
  Time since last request: 0.020759 seconds.
  path: Assets/Scenes
  artifactKey: Guid(ccdb27af0e0bd0544887f04b2e1179d1) Importer(815301076,1909f56bfc062723c751e8b465ee728b)
Start importing Assets/Scenes using Guid(ccdb27af0e0bd0544887f04b2e1179d1) Importer(815301076,1909f56bfc062723c751e8b465ee728b)  -> (artifact id: 'e1407bee00dfb4659def299b6edb31b1') in 0.013071 seconds 
  Import took 0.018250 seconds .

========================================================================
Received Import Request.
  Time since last request: 0.031021 seconds.
  path: Assets/Materials/Ground_mat.mat
  artifactKey: Guid(05fcf8fc811c56d46b341e438f1b11be) Importer(815301076,1909f56bfc062723c751e8b465ee728b)
Start importing Assets/Materials/Ground_mat.mat using Guid(05fcf8fc811c56d46b341e438f1b11be) Importer(815301076,1909f56bfc062723c751e8b465ee728b)  -> (artifact id: '57d945357e5f5595146358591a483fc8') in 0.234937 seconds 
  Import took 0.238594 seconds .

========================================================================
Received Import Request.
  Time since last request: 0.234106 seconds.
  path: Assets/Scripts/Player.cs
  artifactKey: Guid(d1d8b0547f2fadc4e9179257f707a049) Importer(815301076,1909f56bfc062723c751e8b465ee728b)
Start importing Assets/Scripts/Player.cs using Guid(d1d8b0547f2fadc4e9179257f707a049) Importer(815301076,1909f56bfc062723c751e8b465ee728b)  -> (artifact id: 'db6a954ab76d78810fcaf759a8a42c4a') in 0.224510 seconds 
  Import took 0.228522 seconds .

========================================================================
Received Import Request.
  Time since last request: 0.322169 seconds.
  path: Assets/Animation/diamond.controller
  artifactKey: Guid(0f7d43e4447712447804a80da87803f9) Importer(815301076,1909f56bfc062723c751e8b465ee728b)
Start importing Assets/Animation/diamond.controller using Guid(0f7d43e4447712447804a80da87803f9) Importer(815301076,1909f56bfc062723c751e8b465ee728b)  -> (artifact id: 'e2f50e9153c200d927c07907402e97e3') in 0.006796 seconds 
  Import took 0.010026 seconds .

========================================================================
Received Import Request.
  Time since last request: 0.134630 seconds.
  path: Assets/BayatGames/Free Platform Game Assets/GUI ( Update 1.7 )/eps/Level Select Sample.eps
  artifactKey: Guid(db38f2aa326c84d40b749a73ca45aaec) Importer(815301076,1909f56bfc062723c751e8b465ee728b)
Start importing Assets/BayatGames/Free Platform Game Assets/GUI ( Update 1.7 )/eps/Level Select Sample.eps using Guid(db38f2aa326c84d40b749a73ca45aaec) Importer(815301076,1909f56bfc062723c751e8b465ee728b)  -> (artifact id: '2f9b9678bab698efceac25fa0d81191d') in 0.003369 seconds 
  Import took 0.006372 seconds .

========================================================================
Received Import Request.
  Time since last request: 0.377372 seconds.
  path: Assets/Scenes/SampleScene.unity
  artifactKey: Guid(9fc0d4010bbf28b4594072e72b8655ab) Importer(815301076,1909f56bfc062723c751e8b465ee728b)
Start importing Assets/Scenes/SampleScene.unity using Guid(9fc0d4010bbf28b4594072e72b8655ab) Importer(815301076,1909f56bfc062723c751e8b465ee728b)  -> (artifact id: '00fb19d91c360fa97bdc05b7edfaa989') in 0.014103 seconds 
  Import took 0.019714 seconds .

========================================================================
Received Import Request.
  Time since last request: 0.157538 seconds.
  path: Assets/Scripts/Ground_Spawner.cs
  artifactKey: Guid(cda1aa7013f6be04e9184634e05bbe52) Importer(815301076,1909f56bfc062723c751e8b465ee728b)
Start importing Assets/Scripts/Ground_Spawner.cs using Guid(cda1aa7013f6be04e9184634e05bbe52) Importer(815301076,1909f56bfc062723c751e8b465ee728b)  -> (artifact id: '91736917e5db27f152de9973067c4720') in 0.008730 seconds 
  Import took 0.012847 seconds .

========================================================================
Received Import Request.
  Time since last request: 0.058998 seconds.
  path: Assets/Scripts/Player_Cam.cs
  artifactKey: Guid(7a51b70ab8ea82d4185ac472c33ec500) Importer(815301076,1909f56bfc062723c751e8b465ee728b)
Start importing Assets/Scripts/Player_Cam.cs using Guid(7a51b70ab8ea82d4185ac472c33ec500) Importer(815301076,1909f56bfc062723c751e8b465ee728b)  -> (artifact id: 'b8db10e160f34efe34f23fdf24efdc78') in 0.006723 seconds 
  Import took 0.009667 seconds .

========================================================================
Received Import Request.
  Time since last request: 0.404635 seconds.
  path: Assets/BayatGames/Free Platform Game Assets/GUI ( Update 1.7 )/eps
  artifactKey: Guid(ca0e229cf857c6743b3782715a3c0503) Importer(815301076,1909f56bfc062723c751e8b465ee728b)
Start importing Assets/BayatGames/Free Platform Game Assets/GUI ( Update 1.7 )/eps using Guid(ca0e229cf857c6743b3782715a3c0503) Importer(815301076,1909f56bfc062723c751e8b465ee728b)  -> (artifact id: 'cbd1c6d10c9db0b510d7249b6025404c') in 0.008864 seconds 
  Import took 0.012923 seconds .

========================================================================
Received Import Request.
  Time since last request: 0.786555 seconds.
  path: Assets/BayatGames/Free Platform Game Assets/GUI ( Update 1.7 )/eps/Elements.eps
  artifactKey: Guid(dfc6b8918904bbd4287156eba70a9985) Importer(815301076,1909f56bfc062723c751e8b465ee728b)
Start importing Assets/BayatGames/Free Platform Game Assets/GUI ( Update 1.7 )/eps/Elements.eps using Guid(dfc6b8918904bbd4287156eba70a9985) Importer(815301076,1909f56bfc062723c751e8b465ee728b)  -> (artifact id: 'ee91b38c4b9c156dea51743ef808370a') in 0.013181 seconds 
  Import took 0.018777 seconds .

========================================================================
Received Import Request.
  Time since last request: 0.206272 seconds.
  path: Assets/BayatGames/Free Platform Game Assets/GUI ( Update 1.7 )/ai/Elements.ai
  artifactKey: Guid(910a8e4be533ebb458dd9d3c6c2f17bc) Importer(815301076,1909f56bfc062723c751e8b465ee728b)
Start importing Assets/BayatGames/Free Platform Game Assets/GUI ( Update 1.7 )/ai/Elements.ai using Guid(910a8e4be533ebb458dd9d3c6c2f17bc) Importer(815301076,1909f56bfc062723c751e8b465ee728b)  -> (artifact id: '90d81ae0209fe22493891fa41bd1dc70') in 0.004332 seconds 
  Import took 0.009482 seconds .

========================================================================
Received Import Request.
  Time since last request: 0.123716 seconds.
  path: Assets/BayatGames/Free Platform Game Assets/GUI ( Update 1.7 )/ai/Empty Buttons.ai
  artifactKey: Guid(230ac05b54326a24e8c6d4da8d069b2e) Importer(815301076,1909f56bfc062723c751e8b465ee728b)
Start importing Assets/BayatGames/Free Platform Game Assets/GUI ( Update 1.7 )/ai/Empty Buttons.ai using Guid(230ac05b54326a24e8c6d4da8d069b2e) Importer(815301076,1909f56bfc062723c751e8b465ee728b)  -> (artifact id: '45dd16872f87eb4b3deec0d9c28cdb18') in 0.004372 seconds 
  Import took 0.050612 seconds .

========================================================================
Received Import Request.
  Time since last request: 0.172971 seconds.
  path: Assets/BayatGames/Free Platform Game Assets/GUI ( Update 1.7 )/ai
  artifactKey: Guid(9090c4659237e1949a6ee08e41238870) Importer(815301076,1909f56bfc062723c751e8b465ee728b)
Start importing Assets/BayatGames/Free Platform Game Assets/GUI ( Update 1.7 )/ai using Guid(9090c4659237e1949a6ee08e41238870) Importer(815301076,1909f56bfc062723c751e8b465ee728b)  -> (artifact id: 'c45b472c7cb5289b02eb41af41cb94ca') in 0.012954 seconds 
  Import took 0.018485 seconds .

========================================================================
Received Import Request.
  Time since last request: 0.223394 seconds.
  path: Assets/BayatGames/Free Platform Game Assets/GUI ( Update 1.7 )/eps/Iconic Buttons.eps
  artifactKey: Guid(052e31417bf636f45b514af630c07b82) Importer(815301076,1909f56bfc062723c751e8b465ee728b)
Start importing Assets/BayatGames/Free Platform Game Assets/GUI ( Update 1.7 )/eps/Iconic Buttons.eps using Guid(052e31417bf636f45b514af630c07b82) Importer(815301076,1909f56bfc062723c751e8b465ee728b)  -> (artifact id: 'c34edac37399fc54993ec0c25ceabe86') in 0.013326 seconds 
  Import took 0.018644 seconds .

========================================================================
Received Import Request.
  Time since last request: 0.377252 seconds.
  path: Assets/Scripts/RestartGame.cs
  artifactKey: Guid(6dc8b457b661b614cb6b21832933ad13) Importer(815301076,1909f56bfc062723c751e8b465ee728b)
Start importing Assets/Scripts/RestartGame.cs using Guid(6dc8b457b661b614cb6b21832933ad13) Importer(815301076,1909f56bfc062723c751e8b465ee728b)  -> (artifact id: '360a90e871886e518062a9e95ae0be42') in 0.031075 seconds 
  Import took 0.036541 seconds .

========================================================================
Received Import Request.
  Time since last request: 0.107724 seconds.
  path: Assets/BayatGames/Free Platform Game Assets/GUI ( Update 1.7 )/ai/Iconic Buttons.ai
  artifactKey: Guid(c7cdc2ace2fdc0b4a850d982e5b22d76) Importer(815301076,1909f56bfc062723c751e8b465ee728b)
Start importing Assets/BayatGames/Free Platform Game Assets/GUI ( Update 1.7 )/ai/Iconic Buttons.ai using Guid(c7cdc2ace2fdc0b4a850d982e5b22d76) Importer(815301076,1909f56bfc062723c751e8b465ee728b)  -> (artifact id: '2e3d42e907291b5d14a8c76454202e2c') in 0.004559 seconds 
  Import took 0.007883 seconds .

